<?xml version="1.0" encoding="UTF-8"?>
<testsuite name="Scenario: Getting the story cards that belong to the Update Mingle Through Tests epic" tests="9" skipped="8" failures="0" errors="0" timestamp="2016-05-26T18:40:40" hostname="VAT-AMCMANI2" time="2.421">
  <properties/>
  <testcase name="Given a Mingle server address of https://careerbuilder.mingle-api.thoughtworks.com/api/v2/projects/" classname="Scenario: Getting the story cards that belong to the Update Mingle Through Tests epic" time="0.0">
    <skipped/>
  </testcase>
  <testcase name="And a Mingle project name of core_search" classname="Scenario: Getting the story cards that belong to the Update Mingle Through Tests epic" time="0.0">
    <skipped/>
  </testcase>
  <testcase name="And a user name of apiadmin@careerbuilder.com" classname="Scenario: Getting the story cards that belong to the Update Mingle Through Tests epic" time="0.0">
    <skipped/>
  </testcase>
  <testcase name="And a password of api.cb5550" classname="Scenario: Getting the story cards that belong to the Update Mingle Through Tests epic" time="0.0">
    <skipped/>
  </testcase>
  <testcase name="Given I want to retrieve all the cards belonging to the Update Mingle Through Tests epic" classname="Scenario: Getting the story cards that belong to the Update Mingle Through Tests epic" time="0.0">
    <skipped/>
  </testcase>
  <testcase name="And I have created a request to get the cards that are assigned to this epic" classname="Scenario: Getting the story cards that belong to the Update Mingle Through Tests epic" time="0.002">
    <skipped/>
  </testcase>
  <testcase name="When I send the request to the Mingle server" classname="Scenario: Getting the story cards that belong to the Update Mingle Through Tests epic" time="0.0">
    <skipped/>
  </testcase>
  <testcase name="Then I should receive 1 cards in the response" classname="Scenario: Getting the story cards that belong to the Update Mingle Through Tests epic" time="0.0">
    <skipped/>
  </testcase>
  <testcase name="classMethod" classname="Scenario: Getting the story cards that belong to the Update Mingle Through Tests epic" time="2.883"/>
  <system-out><![CDATA[]]></system-out>
  <system-err><![CDATA[[Test worker] INFO net.serenitybdd.core.Serenity - 
 _____ _____ ____ _____   ____ _____  _    ____ _____ _____ ____  
|_   _| ____/ ___|_   _| / ___|_   _|/ \  |  _ \_   _| ____|  _ \ 
  | | |  _| \___ \ | |   \___ \ | | / _ \ | |_) || | |  _| | | | |
  | | | |___ ___) || |    ___) || |/ ___ \|  _ < | | | |___| |_| |
  |_| |_____|____/ |_|   |____/ |_/_/   \_\_| \_\|_| |_____|____/ 
                                                                  

TEST STARTED: Getting the story cards that belong to the Update Mingle Through Tests epic
-------------------------------------------------------------------
[Test worker] INFO net.thucydides.core.webdriver.SystemPropertiesConfiguration - project.build.directory : null
[Test worker] INFO net.thucydides.core.webdriver.SystemPropertiesConfiguration - project.reporting.OutputDirectory : null
[Test worker] INFO net.thucydides.core.webdriver.SystemPropertiesConfiguration - OutputDirectory : C:\Users\amcmanigal\Desktop\BDD-CH10\chapter-10\mingle-story-importer\target\site\serenity
]]></system-err>
</testsuite>
