<?xml version="1.0" encoding="UTF-8"?>
<testsuite name="runners.WhenRetrievingCardsRunner" tests="0" skipped="0" failures="0" errors="0" timestamp="1970-01-01T00:00:00" hostname="VAT-AMCMANI2" time="0.0">
  <properties/>
  <system-out><![CDATA[
1 Scenarios (?[33m1 pending?[0m)
8 Steps (?[36m7 skipped?[0m, ?[33m1 pending?[0m)
0m0.211s

cucumber.api.PendingException: TODO: implement me
	at steps.RetrievingCardsSteps.a_Mingle_server_address_of_https_careerbuilder_mingle_api_thoughtworks_com_api_v_projects(RetrievingCardsSteps.java:18)
	at ?.Given a Mingle server address of https://careerbuilder.mingle-api.thoughtworks.com/api/v2/projects/(src/test/resources/features/dataRetrieval/retrievingCards.feature:8)

]]></system-out>
  <system-err><![CDATA[[Test worker] INFO net.thucydides.core.webdriver.SystemPropertiesConfiguration - project.build.directory : null
[Test worker] INFO net.thucydides.core.webdriver.SystemPropertiesConfiguration - project.reporting.OutputDirectory : null
[Test worker] INFO net.thucydides.core.webdriver.SystemPropertiesConfiguration - OutputDirectory : C:\Users\amcmanigal\Desktop\BDD-CH10\chapter-10\mingle-story-importer\target\site\serenity
[Test worker] INFO net.serenitybdd.core.Serenity - 

-------------------------------------------------------------------------------------
     _______. _______ .______       _______ .__   __.  __  .___________.____    ____ 
    /       ||   ____||   _  \     |   ____||  \ |  | |  | |           |\   \  /   / 
   |   (----`|  |__   |  |_)  |    |  |__   |   \|  | |  | `---|  |----` \   \/   /  
    \   \    |   __|  |      /     |   __|  |  . `  | |  |     |  |       \_    _/   
.----)   |   |  |____ |  |\  \----.|  |____ |  |\   | |  |     |  |         |  |     
|_______/    |_______|| _| `._____||_______||__| \__| |__|     |__|         |__|    
-------------------------------------------------------------------------------------

[Test worker] INFO net.serenitybdd.core.Serenity - Test Suite Started: Retrieving Mingle cards
[Test worker] INFO net.serenitybdd.core.Serenity - TEST PENDING
[Test worker] INFO net.serenitybdd.core.Serenity - 
          __  _____ _____ ____ _____   ____  _____ _   _ ____ ___ _   _  ____ 
 _       / / |_   _| ____/ ___|_   _| |  _ \| ____| \ | |  _ \_ _| \ | |/ ___|
(_)____ / /    | | |  _| \___ \ | |   | |_) |  _| |  \| | | | | ||  \| | |  _ 
 |_____/ /     | | | |___ ___) || |   |  __/| |___| |\  | |_| | || |\  | |_| |
(_)   /_/      |_| |_____|____/ |_|   |_|   |_____|_| \_|____/___|_| \_|\____|
                                                                                

TEST PENDING: Getting the story cards that belong to the Update Mingle Through Tests epic
---------------------------------------------------------------------------------
]]></system-err>
</testsuite>
